2018-05-18 12:16:10 DEBUG logging:29 - Logging Provider: org.jboss.logging.Log4jLoggerProvider
2018-05-18 12:16:13 DEBUG FileLoaderImpl:60 - File name....C:\Users\User\Documents\dsworkspace\bizleap-ds\bizleap-ds-service\src\main\java\employee
2018-05-18 12:16:13 ERROR FileLoaderImpl:63 - File not found: C:\Users\User\Documents\dsworkspace\bizleap-ds\bizleap-ds-service\src\main\java\employee
2018-05-18 12:24:28 DEBUG logging:29 - Logging Provider: org.jboss.logging.Log4jLoggerProvider
2018-05-18 12:24:31 DEBUG FileLoaderImpl:60 - File name....C:\bizleap\ds\data\employee.txt
2018-05-18 12:24:31 ERROR FileLoaderImpl:63 - File not found: C:\bizleap\ds\data\employee.txt
2018-05-18 12:37:57 DEBUG logging:29 - Logging Provider: org.jboss.logging.Log4jLoggerProvider
2018-05-18 12:38:00 DEBUG FileLoaderImpl:59 - File name....C:\bizleap\ds\data\employee.txt
2018-05-18 12:38:00 DEBUG FileLoaderImpl:47 - About to read fileC:/bizleap/hr/bizleap/data/C:\bizleap\ds\data\employee.txt
2018-05-18 12:38:00 ERROR FileLoaderImpl:62 - File not found: C:\bizleap\ds\data\employee.txt
2018-05-18 12:42:10 DEBUG logging:29 - Logging Provider: org.jboss.logging.Log4jLoggerProvider
2018-05-18 12:42:13 DEBUG FileLoaderImpl:59 - File name....C:\bizleap\ds\data\employee.txt
2018-05-18 12:42:13 DEBUG FileLoaderImpl:47 - About to read fileC:/bizleap/hr/bizleap/data/C:\bizleap\ds\data\employee.txt
2018-05-18 12:42:13 ERROR FileLoaderImpl:62 - File not found: C:\bizleap\ds\data\employee.txt
2018-05-18 12:46:37 DEBUG logging:29 - Logging Provider: org.jboss.logging.Log4jLoggerProvider
2018-05-18 12:46:40 DEBUG FileLoaderImpl:59 - File name....employee.txt
2018-05-18 12:46:40 DEBUG FileLoaderImpl:47 - About to read fileC:/bizleap/ds/data/employee.txt
2018-05-18 12:46:40 DEBUG FileLoaderImpl:114 - line is: PER01,Alice Kim,30,Software Engineer,500000,alicekim@gmail.com,01132998439,COMP01
2018-05-18 12:46:40 DEBUG FileLoaderImpl:114 - line is: PER02,Bob Gilman,29,Project Manager,400000,bobgilman@gmail.com,01124989988,COMP02
2018-05-18 12:46:40 DEBUG FileLoaderImpl:114 - line is: PER03,John Mark,27,Web Developer,300000,johnmark@gmail.com,01135654761,COMP03
2018-05-18 12:46:40 DEBUG FileLoaderImpl:59 - File name....company.txt
2018-05-18 12:46:40 DEBUG FileLoaderImpl:47 - About to read fileC:/bizleap/ds/data/company.txt
2018-05-18 12:46:40 DEBUG FileLoaderImpl:114 - line is: COMP01,Apple,California U.S,800-692-7753,apple@gmail.com,Tim Cook
2018-05-18 12:46:40 DEBUG FileLoaderImpl:114 - line is: COMP02,IBM,New York U.S,800-426-4968,ibm@gmail.com,Ginni Rometty
2018-05-18 12:46:40 DEBUG FileLoaderImpl:114 - line is: COMP03,Adobe,California U.S,800-585-0774,adobe@gmail.com,Shantanu Narayen
2018-05-18 12:49:40 DEBUG logging:29 - Logging Provider: org.jboss.logging.Log4jLoggerProvider
2018-05-18 12:49:43 DEBUG FileLoaderImpl:59 - File name....employee.txt
2018-05-18 12:49:43 DEBUG FileLoaderImpl:47 - About to read fileC:/bizleap/ds/data/employee.txt
2018-05-18 12:49:43 DEBUG FileLoaderImpl:114 - line is: PER01,Alice Kim,30,Software Engineer,500000,alicekim@gmail.com,01132998439,COMP01
2018-05-18 12:49:43 DEBUG FileLoaderImpl:114 - line is: PER02,Bob Gilman,29,Project Manager,400000,bobgilman@gmail.com,01124989988,COMP02
2018-05-18 12:49:43 DEBUG FileLoaderImpl:114 - line is: PER03,John Mark,27,Web Developer,300000,johnmark@gmail.com,01135654761,COMP03
2018-05-18 12:49:43 DEBUG FileLoaderImpl:59 - File name....company.txt
2018-05-18 12:49:43 DEBUG FileLoaderImpl:47 - About to read fileC:/bizleap/ds/data/company.txt
2018-05-18 12:49:43 DEBUG FileLoaderImpl:114 - line is: COMP01,Apple,California U.S,800-692-7753,apple@gmail.com,Tim Cook
2018-05-18 12:49:43 DEBUG FileLoaderImpl:114 - line is: COMP02,IBM,New York U.S,800-426-4968,ibm@gmail.com,Ginni Rometty
2018-05-18 12:49:43 DEBUG FileLoaderImpl:114 - line is: COMP03,Adobe,California U.S,800-585-0774,adobe@gmail.com,Shantanu Narayen
2018-05-18 12:50:51 DEBUG logging:29 - Logging Provider: org.jboss.logging.Log4jLoggerProvider
2018-05-18 12:50:53 DEBUG FileLoaderImpl:59 - File name....employee.txt
2018-05-18 12:50:53 DEBUG FileLoaderImpl:47 - About to read fileC:/bizleap/ds/data/employee.txt
2018-05-18 12:50:53 DEBUG FileLoaderImpl:114 - line is: PER01,Alice Kim,30,Software Engineer,500000,alicekim@gmail.com,01132998439,COMP01
2018-05-18 12:50:53 DEBUG FileLoaderImpl:114 - line is: PER02,Bob Gilman,29,Project Manager,400000,bobgilman@gmail.com,01124989988,COMP02
2018-05-18 12:50:53 DEBUG FileLoaderImpl:114 - line is: PER03,John Mark,27,Web Developer,300000,johnmark@gmail.com,01135654761,COMP03
2018-05-18 12:50:53 DEBUG FileLoaderImpl:59 - File name....company.txt
2018-05-18 12:50:53 DEBUG FileLoaderImpl:47 - About to read fileC:/bizleap/ds/data/company.txt
2018-05-18 12:50:53 DEBUG FileLoaderImpl:114 - line is: COMP01,Apple,California U.S,800-692-7753,apple@gmail.com,Tim Cook
2018-05-18 12:50:53 DEBUG FileLoaderImpl:114 - line is: COMP02,IBM,New York U.S,800-426-4968,ibm@gmail.com,Ginni Rometty
2018-05-18 12:50:53 DEBUG FileLoaderImpl:114 - line is: COMP03,Adobe,California U.S,800-585-0774,adobe@gmail.com,Shantanu Narayen
2018-05-18 12:53:12 DEBUG logging:29 - Logging Provider: org.jboss.logging.Log4jLoggerProvider
2018-05-18 12:53:15 DEBUG FileLoaderImpl:59 - File name....employee.txt
2018-05-18 12:53:15 DEBUG FileLoaderImpl:47 - About to read fileC:/bizleap/ds/data/employee.txt
2018-05-18 12:53:15 DEBUG FileLoaderImpl:114 - line is: PER01,Alice Kim,30,Software Engineer,500000,alicekim@gmail.com,01132998439,COMP01
2018-05-18 12:53:15 DEBUG FileLoaderImpl:114 - line is: PER02,Bob Gilman,29,Project Manager,400000,bobgilman@gmail.com,01124989988,COMP02
2018-05-18 12:53:15 DEBUG FileLoaderImpl:114 - line is: PER03,John Mark,27,Web Developer,300000,johnmark@gmail.com,01135654761,COMP03
2018-05-18 12:53:15 DEBUG FileLoaderImpl:59 - File name....company.txt
2018-05-18 12:53:15 DEBUG FileLoaderImpl:47 - About to read fileC:/bizleap/ds/data/company.txt
2018-05-18 12:53:15 DEBUG FileLoaderImpl:114 - line is: COMP01,Apple,California U.S,800-692-7753,apple@gmail.com,Tim Cook
2018-05-18 12:53:15 DEBUG FileLoaderImpl:114 - line is: COMP02,IBM,New York U.S,800-426-4968,ibm@gmail.com,Ginni Rometty
2018-05-18 12:53:15 DEBUG FileLoaderImpl:114 - line is: COMP03,Adobe,California U.S,800-585-0774,adobe@gmail.com,Shantanu Narayen
2018-05-18 12:54:16 DEBUG logging:29 - Logging Provider: org.jboss.logging.Log4jLoggerProvider
2018-05-18 12:54:20 DEBUG FileLoaderImpl:59 - File name....employee.txt
2018-05-18 12:54:20 DEBUG FileLoaderImpl:47 - About to read fileC:/bizleap/ds/data/employee.txt
2018-05-18 12:54:20 DEBUG FileLoaderImpl:114 - line is: PER01,Alice Kim,30,Software Engineer,500000,alicekim@gmail.com,01132998439,COMP01
2018-05-18 12:54:20 DEBUG FileLoaderImpl:114 - line is: PER02,Bob Gilman,29,Project Manager,400000,bobgilman@gmail.com,01124989988,COMP02
2018-05-18 12:54:20 DEBUG FileLoaderImpl:114 - line is: PER03,John Mark,27,Web Developer,300000,johnmark@gmail.com,01135654761,COMP03
2018-05-18 12:54:20 DEBUG FileLoaderImpl:59 - File name....company.txt
2018-05-18 12:54:20 DEBUG FileLoaderImpl:47 - About to read fileC:/bizleap/ds/data/company.txt
2018-05-18 12:54:20 DEBUG FileLoaderImpl:114 - line is: COMP01,Apple,California U.S,800-692-7753,apple@gmail.com,Tim Cook
2018-05-18 12:54:20 DEBUG FileLoaderImpl:114 - line is: COMP02,IBM,New York U.S,800-426-4968,ibm@gmail.com,Ginni Rometty
2018-05-18 12:54:20 DEBUG FileLoaderImpl:114 - line is: COMP03,Adobe,California U.S,800-585-0774,adobe@gmail.com,Shantanu Narayen
2018-05-18 14:21:24 DEBUG logging:29 - Logging Provider: org.jboss.logging.Log4jLoggerProvider
2018-05-18 14:21:26 DEBUG FileLoaderImpl:59 - File name....employee.txt
2018-05-18 14:21:26 DEBUG FileLoaderImpl:47 - About to read fileC:/bizleap/ds/data/employee.txt
2018-05-18 14:21:26 DEBUG FileLoaderImpl:114 - line is: PER01,Alice Kim,30,Software Engineer,500000,alicekim@gmail.com,01132998439,COMP01
2018-05-18 14:21:26 DEBUG FileLoaderImpl:114 - line is: PER02,Bob Gilman,29,Project Manager,400000,bobgilman@gmail.com,01124989988,COMP02
2018-05-18 14:21:26 DEBUG FileLoaderImpl:114 - line is: PER03,John Mark,27,Web Developer,300000,johnmark@gmail.com,01135654761,COMP03
2018-05-18 14:21:26 DEBUG FileLoaderImpl:59 - File name....company.txt
2018-05-18 14:21:26 DEBUG FileLoaderImpl:47 - About to read fileC:/bizleap/ds/data/company.txt
2018-05-18 14:21:26 DEBUG FileLoaderImpl:114 - line is: COMP01,Apple,California U.S,800-692-7753,apple@gmail.com,Tim Cook
2018-05-18 14:21:26 DEBUG FileLoaderImpl:114 - line is: COMP02,IBM,New York U.S,800-426-4968,ibm@gmail.com,Ginni Rometty
2018-05-18 14:21:26 DEBUG FileLoaderImpl:114 - line is: COMP03,Adobe,California U.S,800-585-0774,adobe@gmail.com,Shantanu Narayen
2018-05-18 15:08:16 DEBUG logging:29 - Logging Provider: org.jboss.logging.Log4jLoggerProvider
2018-05-18 15:08:19 DEBUG FileLoaderImpl:59 - File name....employee.txt
2018-05-18 15:08:19 DEBUG FileLoaderImpl:47 - About to read fileC:/bizleap/ds/data/employee.txt
2018-05-18 15:08:19 DEBUG FileLoaderImpl:114 - line is: PER01,Alice Kim,30,Software Engineer,500000,alicekim@gmail.com,01132998439,COMP01
2018-05-18 15:08:19 DEBUG FileLoaderImpl:114 - line is: PER02,Bob Gilman,29,Project Manager,400000,bobgilman@gmail.com,01124989988,COMP02
2018-05-18 15:08:19 DEBUG FileLoaderImpl:114 - line is: PER03,John Mark,27,Web Developer,300000,johnmark@gmail.com,01135654761,COMP03
2018-05-18 15:08:19 DEBUG FileLoaderImpl:59 - File name....company.txt
2018-05-18 15:08:19 DEBUG FileLoaderImpl:47 - About to read fileC:/bizleap/ds/data/company.txt
2018-05-18 15:08:19 DEBUG FileLoaderImpl:114 - line is: COMP01,Apple,California U.S,800-692-7753,apple@gmail.com,Tim Cook
2018-05-18 15:08:19 DEBUG FileLoaderImpl:114 - line is: COMP02,IBM,New York U.S,800-426-4968,ibm@gmail.com,Ginni Rometty
2018-05-18 15:08:19 DEBUG FileLoaderImpl:114 - line is: COMP03,Adobe,California U.S,800-585-0774,adobe@gmail.com,Shantanu Narayen
2018-05-18 15:13:02 DEBUG logging:29 - Logging Provider: org.jboss.logging.Log4jLoggerProvider
2018-05-18 15:13:06 DEBUG FileLoaderImpl:59 - File name....employee.txt
2018-05-18 15:13:06 DEBUG FileLoaderImpl:47 - About to read fileC:/bizleap/ds/data/employee.txt
2018-05-18 15:13:06 DEBUG FileLoaderImpl:114 - line is: PER01,Alice Kim,30,Software Engineer,500000,alicekim@gmail.com,01132998439,COMP01
2018-05-18 15:13:06 DEBUG FileLoaderImpl:114 - line is: PER02,Bob Gilman,29,Project Manager,400000,bobgilman@gmail.com,01124989988,COMP02
2018-05-18 15:13:06 DEBUG FileLoaderImpl:114 - line is: PER03,John Mark,27,Web Developer,300000,johnmark@gmail.com,01135654761,COMP03
2018-05-18 15:13:06 DEBUG FileLoaderImpl:59 - File name....company.txt
2018-05-18 15:13:06 DEBUG FileLoaderImpl:47 - About to read fileC:/bizleap/ds/data/company.txt
2018-05-18 15:13:06 DEBUG FileLoaderImpl:114 - line is: COMP01,Apple,California U.S,800-692-7753,apple@gmail.com,Tim Cook
2018-05-18 15:13:06 DEBUG FileLoaderImpl:114 - line is: COMP02,IBM,New York U.S,800-426-4968,ibm@gmail.com,Ginni Rometty
2018-05-18 15:13:06 DEBUG FileLoaderImpl:114 - line is: COMP03,Adobe,California U.S,800-585-0774,adobe@gmail.com,Shantanu Narayen
2018-05-18 15:13:06 DEBUG CompanySaverImpl:15 - About to savecom.bizleap.commons.domain.Company@5c10285a[boId=COMP01,name=Apple,email=apple@gmail.com,phone=800-692-7753,address=California U.S,ceo=Tim Cook]
2018-05-18 15:13:06 DEBUG CompanySaverImpl:15 - Company Successfully saved.
2018-05-18 15:13:06 DEBUG CompanySaverImpl:15 - About to savecom.bizleap.commons.domain.Company@6b667cb3[boId=COMP02,name=IBM,email=ibm@gmail.com,phone=800-426-4968,address=New York U.S,ceo=Ginni Rometty]
2018-05-18 15:13:06 DEBUG CompanySaverImpl:15 - Company Successfully saved.
2018-05-18 15:13:06 DEBUG CompanySaverImpl:15 - About to savecom.bizleap.commons.domain.Company@6f38a289[boId=COMP03,name=Adobe,email=adobe@gmail.com,phone=800-585-0774,address=California U.S,ceo=Shantanu Narayen]
2018-05-18 15:13:06 DEBUG CompanySaverImpl:15 - Company Successfully saved.
2018-05-18 15:18:26 DEBUG logging:29 - Logging Provider: org.jboss.logging.Log4jLoggerProvider
2018-05-18 15:18:30 DEBUG FileLoaderImpl:60 - File name....employee.txt
2018-05-18 15:18:30 DEBUG FileLoaderImpl:45 - About to read fileC:/bizleap/ds/data/employee.txt
2018-05-18 15:18:30 DEBUG FileLoaderImpl:115 - line is: PER01,Alice Kim,30,Software Engineer,500000,alicekim@gmail.com,01132998439,COMP01
2018-05-18 15:18:30 DEBUG FileLoaderImpl:115 - line is: PER02,Bob Gilman,29,Project Manager,400000,bobgilman@gmail.com,01124989988,COMP02
2018-05-18 15:18:30 DEBUG FileLoaderImpl:115 - line is: PER03,John Mark,27,Web Developer,300000,johnmark@gmail.com,01135654761,COMP03
2018-05-18 15:18:30 DEBUG FileLoaderImpl:60 - File name....company.txt
2018-05-18 15:18:30 DEBUG FileLoaderImpl:45 - About to read fileC:/bizleap/ds/data/company.txt
2018-05-18 15:18:30 DEBUG FileLoaderImpl:115 - line is: COMP01,Apple,California U.S,800-692-7753,apple@gmail.com,Tim Cook
2018-05-18 15:18:30 DEBUG FileLoaderImpl:115 - line is: COMP02,IBM,New York U.S,800-426-4968,ibm@gmail.com,Ginni Rometty
2018-05-18 15:18:30 DEBUG FileLoaderImpl:115 - line is: COMP03,Adobe,California U.S,800-585-0774,adobe@gmail.com,Shantanu Narayen
2018-05-18 15:18:30 DEBUG CompanySaverImpl:15 - About to savecom.bizleap.commons.domain.Company@5c10285a[boId=COMP01,name=Apple,email=apple@gmail.com,phone=800-692-7753,address=California U.S,ceo=Tim Cook]
2018-05-18 15:18:30 DEBUG CompanySaverImpl:15 - Company Successfully saved.
2018-05-18 15:18:30 DEBUG CompanySaverImpl:15 - About to savecom.bizleap.commons.domain.Company@6b667cb3[boId=COMP02,name=IBM,email=ibm@gmail.com,phone=800-426-4968,address=New York U.S,ceo=Ginni Rometty]
2018-05-18 15:18:30 DEBUG CompanySaverImpl:15 - Company Successfully saved.
2018-05-18 15:18:30 DEBUG CompanySaverImpl:15 - About to savecom.bizleap.commons.domain.Company@6f38a289[boId=COMP03,name=Adobe,email=adobe@gmail.com,phone=800-585-0774,address=California U.S,ceo=Shantanu Narayen]
2018-05-18 15:18:30 DEBUG CompanySaverImpl:15 - Company Successfully saved.
2018-05-18 16:04:19 DEBUG logging:192 - Logging Provider: org.jboss.logging.Log4jLoggerProvider
2018-05-18 16:04:21 DEBUG FileLoaderImpl:60 - File name....employee.txt
2018-05-18 16:04:21 DEBUG FileLoaderImpl:45 - About to read fileC:/bizleap/ds/data/employee.txt
2018-05-18 16:04:21 DEBUG FileLoaderImpl:115 - line is: PER01,Alice Kim,30,Software Engineer,500000,alicekim@gmail.com,01132998439,COMP01
2018-05-18 16:04:21 DEBUG FileLoaderImpl:115 - line is: PER02,Bob Gilman,29,Project Manager,400000,bobgilman@gmail.com,01124989988,COMP02
2018-05-18 16:04:21 DEBUG FileLoaderImpl:115 - line is: PER03,John Mark,27,Web Developer,300000,johnmark@gmail.com,01135654761,COMP03
2018-05-18 16:04:21 DEBUG FileLoaderImpl:60 - File name....company.txt
2018-05-18 16:04:21 DEBUG FileLoaderImpl:45 - About to read fileC:/bizleap/ds/data/company.txt
2018-05-18 16:04:21 DEBUG FileLoaderImpl:115 - line is: COMP01,Apple,California U.S,800-692-7753,apple@gmail.com,Tim Cook
2018-05-18 16:04:21 DEBUG FileLoaderImpl:115 - line is: COMP02,IBM,New York U.S,800-426-4968,ibm@gmail.com,Ginni Rometty
2018-05-18 16:04:21 DEBUG FileLoaderImpl:115 - line is: COMP03,Adobe,California U.S,800-585-0774,adobe@gmail.com,Shantanu Narayen
2018-05-18 16:04:21 DEBUG CompanySaverImpl:15 - About to savecom.bizleap.commons.domain.Company@7ea08277[boId=COMP01,name=Apple,email=apple@gmail.com,phone=800-692-7753,address=California U.S,ceo=Tim Cook]
2018-05-18 16:09:50 DEBUG logging:192 - Logging Provider: org.jboss.logging.Log4jLoggerProvider
2018-05-18 16:09:53 DEBUG FileLoaderImpl:60 - File name....employee.txt
2018-05-18 16:09:53 DEBUG FileLoaderImpl:45 - About to read fileC:/bizleap/ds/data/employee.txt
2018-05-18 16:09:53 DEBUG FileLoaderImpl:115 - line is: PER01,Alice Kim,30,Software Engineer,500000,alicekim@gmail.com,01132998439,COMP01
2018-05-18 16:09:53 DEBUG FileLoaderImpl:115 - line is: PER02,Bob Gilman,29,Project Manager,400000,bobgilman@gmail.com,01124989988,COMP02
2018-05-18 16:09:53 DEBUG FileLoaderImpl:115 - line is: PER03,John Mark,27,Web Developer,300000,johnmark@gmail.com,01135654761,COMP03
2018-05-18 16:09:53 DEBUG FileLoaderImpl:60 - File name....company.txt
2018-05-18 16:09:53 DEBUG FileLoaderImpl:45 - About to read fileC:/bizleap/ds/data/company.txt
2018-05-18 16:09:53 DEBUG FileLoaderImpl:115 - line is: COMP01,Apple,California U.S,800-692-7753,apple@gmail.com,Tim Cook
2018-05-18 16:09:53 DEBUG FileLoaderImpl:115 - line is: COMP02,IBM,New York U.S,800-426-4968,ibm@gmail.com,Ginni Rometty
2018-05-18 16:09:53 DEBUG FileLoaderImpl:115 - line is: COMP03,Adobe,California U.S,800-585-0774,adobe@gmail.com,Shantanu Narayen
2018-05-18 16:09:53 DEBUG CompanySaverImpl:15 - About to savecom.bizleap.commons.domain.Company@b965857[boId=COMP01,name=Apple,email=apple@gmail.com,phone=800-692-7753,address=California U.S,ceo=Tim Cook]
2018-05-18 16:52:50 DEBUG logging:192 - Logging Provider: org.jboss.logging.Log4jLoggerProvider
2018-05-18 16:52:53 DEBUG FileLoaderImpl:60 - File name....employee.txt
2018-05-18 16:52:53 DEBUG FileLoaderImpl:45 - About to read fileC:/bizleap/ds/data/employee.txt
2018-05-18 16:52:53 DEBUG FileLoaderImpl:115 - line is: PER01,Alice Kim,30,Software Engineer,500000,alicekim@gmail.com,01132998439,COMP01
2018-05-18 16:52:53 DEBUG FileLoaderImpl:115 - line is: PER02,Bob Gilman,29,Project Manager,400000,bobgilman@gmail.com,01124989988,COMP02
2018-05-18 16:52:53 DEBUG FileLoaderImpl:115 - line is: PER03,John Mark,27,Web Developer,300000,johnmark@gmail.com,01135654761,COMP03
2018-05-18 16:52:53 DEBUG FileLoaderImpl:60 - File name....company.txt
2018-05-18 16:52:53 DEBUG FileLoaderImpl:45 - About to read fileC:/bizleap/ds/data/company.txt
2018-05-18 16:52:53 DEBUG FileLoaderImpl:115 - line is: COMP01,Apple,California U.S,800-692-7753,apple@gmail.com,Tim Cook
2018-05-18 16:52:53 DEBUG FileLoaderImpl:115 - line is: COMP02,IBM,New York U.S,800-426-4968,ibm@gmail.com,Ginni Rometty
2018-05-18 16:52:53 DEBUG FileLoaderImpl:115 - line is: COMP03,Adobe,California U.S,800-585-0774,adobe@gmail.com,Shantanu Narayen
2018-05-18 16:52:53 DEBUG CompanySaverImpl:15 - About to savecom.bizleap.commons.domain.Company@4ce14f05[boId=COMP01,name=Apple,email=apple@gmail.com,phone=800-692-7753,address=California U.S,ceo=Tim Cook]
2018-05-18 16:54:11 DEBUG logging:192 - Logging Provider: org.jboss.logging.Log4jLoggerProvider
2018-05-18 16:54:14 DEBUG FileLoaderImpl:60 - File name....employee.txt
2018-05-18 16:54:14 DEBUG FileLoaderImpl:45 - About to read fileC:/bizleap/ds/data/employee.txt
2018-05-18 16:54:14 DEBUG FileLoaderImpl:115 - line is: PER01,Alice Kim,30,Software Engineer,500000,alicekim@gmail.com,01132998439,COMP01
2018-05-18 16:54:14 DEBUG FileLoaderImpl:115 - line is: PER02,Bob Gilman,29,Project Manager,400000,bobgilman@gmail.com,01124989988,COMP02
2018-05-18 16:54:14 DEBUG FileLoaderImpl:115 - line is: PER03,John Mark,27,Web Developer,300000,johnmark@gmail.com,01135654761,COMP03
2018-05-18 16:54:14 DEBUG FileLoaderImpl:60 - File name....company.txt
2018-05-18 16:54:14 DEBUG FileLoaderImpl:45 - About to read fileC:/bizleap/ds/data/company.txt
2018-05-18 16:54:14 DEBUG FileLoaderImpl:115 - line is: COMP01,Apple,California U.S,800-692-7753,apple@gmail.com,Tim Cook
2018-05-18 16:54:14 DEBUG FileLoaderImpl:115 - line is: COMP02,IBM,New York U.S,800-426-4968,ibm@gmail.com,Ginni Rometty
2018-05-18 16:54:14 DEBUG FileLoaderImpl:115 - line is: COMP03,Adobe,California U.S,800-585-0774,adobe@gmail.com,Shantanu Narayen
2018-05-18 16:54:14 DEBUG CompanySaverImpl:15 - About to savecom.bizleap.commons.domain.Company@4ce14f05[boId=COMP01,name=Apple,email=apple@gmail.com,phone=800-692-7753,address=California U.S,ceo=Tim Cook]
2018-05-18 16:56:57 DEBUG logging:192 - Logging Provider: org.jboss.logging.Log4jLoggerProvider
2018-05-18 16:57:00 DEBUG FileLoaderImpl:60 - File name....employee.txt
2018-05-18 16:57:00 DEBUG FileLoaderImpl:45 - About to read fileC:/bizleap/ds/data/employee.txt
2018-05-18 16:57:00 DEBUG FileLoaderImpl:115 - line is: PER01,Alice Kim,30,Software Engineer,500000,alicekim@gmail.com,01132998439,COMP01
2018-05-18 16:57:00 DEBUG FileLoaderImpl:115 - line is: PER02,Bob Gilman,29,Project Manager,400000,bobgilman@gmail.com,01124989988,COMP02
2018-05-18 16:57:00 DEBUG FileLoaderImpl:115 - line is: PER03,John Mark,27,Web Developer,300000,johnmark@gmail.com,01135654761,COMP03
2018-05-18 16:57:00 DEBUG FileLoaderImpl:60 - File name....company.txt
2018-05-18 16:57:00 DEBUG FileLoaderImpl:45 - About to read fileC:/bizleap/ds/data/company.txt
2018-05-18 16:57:00 DEBUG FileLoaderImpl:115 - line is: COMP01,Apple,California U.S,800-692-7753,apple@gmail.com,Tim Cook
2018-05-18 16:57:00 DEBUG FileLoaderImpl:115 - line is: COMP02,IBM,New York U.S,800-426-4968,ibm@gmail.com,Ginni Rometty
2018-05-18 16:57:00 DEBUG FileLoaderImpl:115 - line is: COMP03,Adobe,California U.S,800-585-0774,adobe@gmail.com,Shantanu Narayen
2018-05-18 16:57:00 DEBUG CompanySaverImpl:15 - About to savecom.bizleap.commons.domain.Company@4ce14f05[boId=COMP01,name=Apple,email=apple@gmail.com,phone=800-692-7753,address=California U.S,ceo=Tim Cook]
2018-05-18 16:57:01 DEBUG CompanySaverImpl:15 - Company Successfully saved.
2018-05-18 16:57:01 DEBUG CompanySaverImpl:15 - About to savecom.bizleap.commons.domain.Company@4fad6218[boId=COMP02,name=IBM,email=ibm@gmail.com,phone=800-426-4968,address=New York U.S,ceo=Ginni Rometty]
2018-05-18 16:57:01 DEBUG CompanySaverImpl:15 - Company Successfully saved.
2018-05-18 16:57:01 DEBUG CompanySaverImpl:15 - About to savecom.bizleap.commons.domain.Company@6f4ade6e[boId=COMP03,name=Adobe,email=adobe@gmail.com,phone=800-585-0774,address=California U.S,ceo=Shantanu Narayen]
2018-05-18 16:57:01 DEBUG CompanySaverImpl:15 - Company Successfully saved.
2018-05-23 16:39:43 DEBUG logging:192 - Logging Provider: org.jboss.logging.Log4jLoggerProvider
2018-05-23 16:44:57 DEBUG logging:192 - Logging Provider: org.jboss.logging.Log4jLoggerProvider
2018-05-23 16:46:05 DEBUG logging:192 - Logging Provider: org.jboss.logging.Log4jLoggerProvider
2018-05-23 16:54:40 DEBUG logging:192 - Logging Provider: org.jboss.logging.Log4jLoggerProvider
2018-05-23 16:54:44 DEBUG FileLoaderImpl:60 - File name....employee.txt
2018-05-23 16:54:44 DEBUG FileLoaderImpl:45 - About to read fileC:bizleapdsdata/employee.txt
2018-05-23 16:54:44 ERROR FileLoaderImpl:63 - File not found: employee.txt
2018-05-23 17:02:28 DEBUG logging:192 - Logging Provider: org.jboss.logging.Log4jLoggerProvider
2018-05-23 17:02:31 DEBUG FileLoaderImpl:60 - File name....employee.txt
2018-05-23 17:02:31 DEBUG FileLoaderImpl:45 - About to read fileC:\bizleap\ds\data/employee.txt
2018-05-23 17:02:31 DEBUG FileLoaderImpl:115 - line is: PER01,Alice Kim,30,Software Engineer,500000,alicekim@gmail.com,09832998439,COMP01
2018-05-23 17:02:31 DEBUG FileLoaderImpl:115 - line is: PER02,Chit Su,30,Web Designer,500000,chitsu@gmail.com,094329487879,COMP01
2018-05-23 17:02:31 DEBUG FileLoaderImpl:115 - line is: PER03,Marry,20,Programmer,600000,marry@gmail.com,0945679765,COMP01
2018-05-23 17:02:31 DEBUG FileLoaderImpl:115 - line is: PER04,Bob Gilman,29,Project Manager,400000,bobgilman@gmail.com,09424989988,COMP02
2018-05-23 17:02:31 DEBUG FileLoaderImpl:115 - line is: PER05,Jenny Bae,34,General Manager,650000,jenny@gmail.com,0966417190,COMP02
2018-05-23 17:02:31 DEBUG FileLoaderImpl:115 - line is: PER06,John Mark,27,Web Developer,300000,johnmark@gmail.com,09835654761,COMP03
2018-05-23 17:02:31 DEBUG FileLoaderImpl:115 - line is: PER07,Deny Han,28, Developer,678000,deny@gmail.com,091356866,COMP03
2018-05-23 17:02:31 DEBUG FileLoaderImpl:115 - line is: PER08,Jason,27,Software Developer,830000,jason@gmail.com,09197654,COMP03
2018-05-23 17:02:31 DEBUG FileLoaderImpl:60 - File name....company.txt
2018-05-23 17:02:31 DEBUG FileLoaderImpl:45 - About to read fileC:\bizleap\ds\data/company.txt
2018-05-23 17:02:31 DEBUG FileLoaderImpl:115 - line is: COMP01,Apple,California U.S,800-692-7753,apple@gmail.com,Tim Cook
2018-05-23 17:02:31 DEBUG FileLoaderImpl:115 - line is: COMP02,IBM,New York U.S,800-426-4968,ibm@gmail.com,Ginni Rometty
2018-05-23 17:02:31 DEBUG FileLoaderImpl:115 - line is: COMP03,Adobe,California U.S,800-585-0774,adobe@gmail.com,Shantanu Narayen
2018-05-23 17:02:31 DEBUG CompanySaverImpl:19 - 
2018-05-23 17:02:31 DEBUG CompanySaverImpl:20 - [com.bizleap.commons.domain.Company@7de843ef[boId=COMP01,name=Apple,email=apple@gmail.com,phone=800-692-7753,address=California U.S,ceo=Tim Cook], com.bizleap.commons.domain.Company@2e1af49b[boId=COMP02,name=IBM,email=ibm@gmail.com,phone=800-426-4968,address=New York U.S,ceo=Ginni Rometty], com.bizleap.commons.domain.Company@3fd2322d[boId=COMP03,name=Adobe,email=adobe@gmail.com,phone=800-585-0774,address=California U.S,ceo=Shantanu Narayen]]
2018-05-23 17:02:31 DEBUG CompanySaverImpl:21 - 
2018-05-23 17:02:31 DEBUG CompanySaverImpl:15 - About to savecom.bizleap.commons.domain.Company@7de843ef[boId=COMP01,name=Apple,email=apple@gmail.com,phone=800-692-7753,address=California U.S,ceo=Tim Cook]
2018-05-23 17:02:31 DEBUG CompanySaverImpl:15 - Company Successfully saved.
2018-05-23 17:02:31 DEBUG CompanySaverImpl:15 - About to savecom.bizleap.commons.domain.Company@2e1af49b[boId=COMP02,name=IBM,email=ibm@gmail.com,phone=800-426-4968,address=New York U.S,ceo=Ginni Rometty]
2018-05-23 17:02:31 DEBUG CompanySaverImpl:15 - Company Successfully saved.
2018-05-23 17:02:31 DEBUG CompanySaverImpl:15 - About to savecom.bizleap.commons.domain.Company@3fd2322d[boId=COMP03,name=Adobe,email=adobe@gmail.com,phone=800-585-0774,address=California U.S,ceo=Shantanu Narayen]
2018-05-23 17:02:31 DEBUG CompanySaverImpl:15 - Company Successfully saved.
2018-05-23 17:02:31 INFO  DataManagerImplTest:38 - Employee List: [com.bizleap.commons.domain.Employee@d74bac4[boId=PER01,name=Alice Kim,email=alicekim@gmail.com,phone=09832998439,title=Software Engineer,age=30,salary=500000,workForCompany=COMP01], com.bizleap.commons.domain.Employee@5d5b5fa7[boId=PER02,name=Chit Su,email=chitsu@gmail.com,phone=094329487879,title=Web Designer,age=30,salary=500000,workForCompany=COMP01], com.bizleap.commons.domain.Employee@11ebb1b6[boId=PER03,name=Marry,email=marry@gmail.com,phone=0945679765,title=Programmer,age=20,salary=600000,workForCompany=COMP01], com.bizleap.commons.domain.Employee@4bbb49b0[boId=PER04,name=Bob Gilman,email=bobgilman@gmail.com,phone=09424989988,title=Project Manager,age=29,salary=400000,workForCompany=COMP02], com.bizleap.commons.domain.Employee@15f8701f[boId=PER05,name=Jenny Bae,email=jenny@gmail.com,phone=0966417190,title=General Manager,age=34,salary=650000,workForCompany=COMP02], com.bizleap.commons.domain.Employee@53a5e217[boId=PER06,name=John Mark,email=johnmark@gmail.com,phone=09835654761,title=Web Developer,age=27,salary=300000,workForCompany=COMP03], com.bizleap.commons.domain.Employee@7c9bdee9[boId=PER07,name=Deny Han,email=deny@gmail.com,phone=091356866,title= Developer,age=28,salary=678000,workForCompany=COMP03], com.bizleap.commons.domain.Employee@6b0615ae[boId=PER08,name=Jason,email=jason@gmail.com,phone=09197654,title=Software Developer,age=27,salary=830000,workForCompany=COMP03]]
2018-05-23 17:02:31 INFO  DataManagerImplTest:43 - Company List: [com.bizleap.commons.domain.Company@7de843ef[boId=COMP01,name=Apple,email=apple@gmail.com,phone=800-692-7753,address=California U.S,ceo=Tim Cook], com.bizleap.commons.domain.Company@2e1af49b[boId=COMP02,name=IBM,email=ibm@gmail.com,phone=800-426-4968,address=New York U.S,ceo=Ginni Rometty], com.bizleap.commons.domain.Company@3fd2322d[boId=COMP03,name=Adobe,email=adobe@gmail.com,phone=800-585-0774,address=California U.S,ceo=Shantanu Narayen]]
2018-05-23 17:05:17 DEBUG logging:192 - Logging Provider: org.jboss.logging.Log4jLoggerProvider
2018-05-23 17:05:21 INFO  CompanyServiceImplTest:36 - Company List:[com.bizleap.commons.domain.Company@68b58644[boId=COMP01,name=Apple,email=apple@gmail.com,phone=800-692-7753,address=California U.S,ceo=Tim Cook], com.bizleap.commons.domain.Company@548d5ed3[boId=COMP02,name=IBM,email=ibm@gmail.com,phone=800-426-4968,address=New York U.S,ceo=Ginni Rometty], com.bizleap.commons.domain.Company@21c7208d[boId=COMP03,name=Adobe,email=adobe@gmail.com,phone=800-585-0774,address=California U.S,ceo=Shantanu Narayen]]
2018-05-23 17:06:10 DEBUG logging:192 - Logging Provider: org.jboss.logging.Log4jLoggerProvider
2018-05-23 17:06:14 INFO  CompanyServiceImplTest:36 - Company List:[com.bizleap.commons.domain.Company@2cc03cd1[boId=COMP01,name=Apple,email=apple@gmail.com,phone=800-692-7753,address=California U.S,ceo=Tim Cook], com.bizleap.commons.domain.Company@4e17913b[boId=COMP02,name=IBM,email=ibm@gmail.com,phone=800-426-4968,address=New York U.S,ceo=Ginni Rometty], com.bizleap.commons.domain.Company@149c3204[boId=COMP03,name=Adobe,email=adobe@gmail.com,phone=800-585-0774,address=California U.S,ceo=Shantanu Narayen]]
2018-05-23 17:07:27 DEBUG logging:192 - Logging Provider: org.jboss.logging.Log4jLoggerProvider
2018-05-23 17:07:31 INFO  CompanyServiceImplTest:43 - Employee List:com.bizleap.commons.domain.Employee@6a48a7f3[boId=PER01,name=Alice Kim,email=alicekim@gmail.com,phone=09832998439,title=Software Engineer,age=30,salary=500000,workForCompany=COMP01]
2018-05-23 17:07:31 INFO  CompanyServiceImplTest:34 - Company List:[com.bizleap.commons.domain.Employee@1846579f[boId=PER01,name=Alice Kim,email=alicekim@gmail.com,phone=09832998439,title=Software Engineer,age=30,salary=500000,workForCompany=COMP01], com.bizleap.commons.domain.Employee@6cd166b8[boId=PER02,name=Chit Su,email=chitsu@gmail.com,phone=094329487879,title=Web Designer,age=30,salary=500000,workForCompany=COMP01], com.bizleap.commons.domain.Employee@2650f79[boId=PER03,name=Marry,email=marry@gmail.com,phone=0945679765,title=Programmer,age=20,salary=600000,workForCompany=COMP01], com.bizleap.commons.domain.Employee@5fac521d[boId=PER04,name=Bob Gilman,email=bobgilman@gmail.com,phone=09424989988,title=Project Manager,age=29,salary=400000,workForCompany=COMP02], com.bizleap.commons.domain.Employee@38af1bf6[boId=PER05,name=Jenny Bae,email=jenny@gmail.com,phone=0966417190,title=General Manager,age=34,salary=650000,workForCompany=COMP02], com.bizleap.commons.domain.Employee@129bd55d[boId=PER06,name=John Mark,email=johnmark@gmail.com,phone=09835654761,title=Web Developer,age=27,salary=300000,workForCompany=COMP03], com.bizleap.commons.domain.Employee@7be7e15[boId=PER07,name=Deny Han,email=deny@gmail.com,phone=091356866,title= Developer,age=28,salary=678000,workForCompany=COMP03], com.bizleap.commons.domain.Employee@3abfe845[boId=PER08,name=Jason,email=jason@gmail.com,phone=09197654,title=Software Developer,age=27,salary=830000,workForCompany=COMP03]]
